<?xml version="1.0" encoding="UTF-8"?>
<!-- Generated by org.testng.reporters.JUnitReportReporter -->
<testsuite skipped="0" hostname="GokulEswar" name="org.test.Hello" tests="3" failures="0" timestamp="29 Oct 2018 07:02:07 GMT" time="0.007" errors="0">
  <testcase name="test1" time="0.002" classname="org.test.Hello"/>
  <testcase name="test2" time="0.003" classname="org.test.Hello"/>
  <testcase name="test3" time="0.002" classname="org.test.Hello"/>
</testsuite> <!-- org.test.Hello -->
