<?xml version="1.0" encoding="UTF-8"?>
<!-- Generated by org.testng.reporters.JUnitReportReporter -->
<testsuite skipped="0" hostname="GokulEswar" name="org.test.Employee" tests="1" failures="0" timestamp="29 Oct 2018 07:09:03 GMT" time="0.029" errors="0">
  <testcase name="test4" time="0.029" classname="org.test.Employee"/>
</testsuite> <!-- org.test.Employee -->
