<?xml version="1.0" encoding="UTF-8"?>
<!-- Generated by org.testng.reporters.JUnitReportReporter -->
<testsuite skipped="0" hostname="GokulEswar" name="org.tst.Pratice" tests="1" failures="0" timestamp="29 Oct 2018 05:37:57 GMT" time="0.014" errors="0">
  <testcase name="test1" time="0.014" classname="org.tst.Pratice"/>
</testsuite> <!-- org.tst.Pratice -->
